# JRE version: Java(TM) SE Runtime Environment 18.9 (11.0.13+10) (build 11.0.13+10-LTS-370)
# Java VM: Java HotSpot(TM) 64-Bit Server VM 18.9 (11.0.13+10-LTS-370, mixed mode, tiered, compressed oops, g1 gc, windows-amd64)
Heap:
 garbage-first heap   total 78848K, used 42160K [0x0000000084600000, 0x0000000100000000)
  region size 1024K, 17 young (17408K), 2 survivors (2048K)
 Metaspace       used 74084K, capacity 75963K, committed 76208K, reserved 1116160K
  class space    used 9122K, capacity 9821K, committed 9984K, reserved 1048576K
GC Heap History (10 events):
Event: 115548.940 GC heap before
{Heap before GC invocations=28 (full 1):
 garbage-first heap   total 78848K, used 56971K [0x0000000084600000, 0x0000000100000000)
  region size 1024K, 32 young (32768K), 3 survivors (3072K)
 Metaspace       used 71793K, capacity 73626K, committed 73904K, reserved 1114112K
  class space    used 8879K, capacity 9576K, committed 9728K, reserved 1048576K
}
Event: 115549.146 GC heap after
{Heap after GC invocations=29 (full 1):
 garbage-first heap   total 78848K, used 27344K [0x0000000084600000, 0x0000000100000000)
  region size 1024K, 1 young (1024K), 1 survivors (1024K)
 Metaspace       used 71793K, capacity 73626K, committed 73904K, reserved 1114112K
  class space    used 8879K, capacity 9576K, committed 9728K, reserved 1048576K
}
Event: 116363.923 GC heap before
{Heap before GC invocations=29 (full 1):
 garbage-first heap   total 78848K, used 60112K [0x0000000084600000, 0x0000000100000000)
  region size 1024K, 33 young (33792K), 1 survivors (1024K)
 Metaspace       used 71810K, capacity 73626K, committed 73904K, reserved 1114112K
  class space    used 8879K, capacity 9576K, committed 9728K, reserved 1048576K
}
Event: 116363.993 GC heap after
{Heap after GC invocations=30 (full 1):
 garbage-first heap   total 78848K, used 27291K [0x0000000084600000, 0x0000000100000000)
  region size 1024K, 1 young (1024K), 1 survivors (1024K)
 Metaspace       used 71810K, capacity 73626K, committed 73904K, reserved 1114112K
  class space    used 8879K, capacity 9576K, committed 9728K, reserved 1048576K
}
Event: 116899.937 GC heap before
{Heap before GC invocations=30 (full 1):
 garbage-first heap   total 78848K, used 61083K [0x0000000084600000, 0x0000000100000000)
  region size 1024K, 34 young (34816K), 1 survivors (1024K)
 Metaspace       used 71835K, capacity 73690K, committed 73904K, reserved 1114112K
  class space    used 8879K, capacity 9576K, committed 9728K, reserved 1048576K
}
Event: 116900.041 GC heap after
{Heap after GC invocations=31 (full 1):
 garbage-first heap   total 78848K, used 27381K [0x0000000084600000, 0x0000000100000000)
  region size 1024K, 1 young (1024K), 1 survivors (1024K)
 Metaspace       used 71835K, capacity 73690K, committed 73904K, reserved 1114112K
  class space    used 8879K, capacity 9576K, committed 9728K, reserved 1048576K
}
Event: 117553.343 GC heap before
{Heap before GC invocations=31 (full 1):
 garbage-first heap   total 78848K, used 60149K [0x0000000084600000, 0x0000000100000000)
  region size 1024K, 34 young (34816K), 1 survivors (1024K)
 Metaspace       used 71949K, capacity 73821K, committed 74160K, reserved 1114112K
  class space    used 8889K, capacity 9577K, committed 9728K, reserved 1048576K
}
Event: 117553.407 GC heap after
{Heap after GC invocations=32 (full 1):
 garbage-first heap   total 78848K, used 27439K [0x0000000084600000, 0x0000000100000000)
  region size 1024K, 2 young (2048K), 2 survivors (2048K)
 Metaspace       used 71949K, capacity 73821K, committed 74160K, reserved 1114112K
  class space    used 8889K, capacity 9577K, committed 9728K, reserved 1048576K
}
Event: 117554.341 GC heap before
{Heap before GC invocations=32 (full 1):
 garbage-first heap   total 78848K, used 59183K [0x0000000084600000, 0x0000000100000000)
  region size 1024K, 34 young (34816K), 2 survivors (2048K)
 Metaspace       used 73213K, capacity 75040K, committed 75312K, reserved 1114112K
  class space    used 9022K, capacity 9705K, committed 9856K, reserved 1048576K
}
Event: 117554.348 GC heap after
{Heap after GC invocations=33 (full 1):
 garbage-first heap   total 78848K, used 27824K [0x0000000084600000, 0x0000000100000000)
  region size 1024K, 2 young (2048K), 2 survivors (2048K)
 Metaspace       used 73213K, capacity 75040K, committed 75312K, reserved 1114112K
  class space    used 9022K, capacity 9705K, committed 9856K, reserved 1048576K
}

